  ABMClientes.cpp
C:\Users\HP\Desktop\sebas\Upsa\ProyectoEstructuraDeDatos\App\App\Clientes.h(59,43): error C2065: 'contrasena': identificador no declarado
  (compilando archivo de origen "ABMClientes.cpp")
  
C:\Users\HP\Desktop\sebas\Upsa\ProyectoEstructuraDeDatos\App\App\Clientes.h(60,41): error C2065: 'contrasena': identificador no declarado
  (compilando archivo de origen "ABMClientes.cpp")
  
C:\Users\HP\Desktop\sebas\Upsa\ProyectoEstructuraDeDatos\App\App\Clientes.h(69,9): error C2065: 'contrasena': identificador no declarado
  (compilando archivo de origen "ABMClientes.cpp")
  
C:\Users\HP\Desktop\sebas\Upsa\ProyectoEstructuraDeDatos\App\App\Clientes.h(135,13): warning C4267: 'return': conversión de 'size_t' a 'unsigned short'; posible pérdida de datos
  (compilando archivo de origen "ABMClientes.cpp")
  
C:\Users\HP\Desktop\sebas\Upsa\ProyectoEstructuraDeDatos\App\App\Clientes.h(146,35): warning C4267: 'inicializando': conversión de 'size_t' a 'unsigned short'; posible pérdida de datos
  (compilando archivo de origen "ABMClientes.cpp")
  
C:\Users\HP\Desktop\sebas\Upsa\ProyectoEstructuraDeDatos\App\App\Clientes.h(150,37): warning C4267: 'inicializando': conversión de 'size_t' a 'unsigned short'; posible pérdida de datos
  (compilando archivo de origen "ABMClientes.cpp")
  
C:\Users\HP\Desktop\sebas\Upsa\ProyectoEstructuraDeDatos\App\App\Clientes.h(154,36): warning C4267: 'inicializando': conversión de 'size_t' a 'unsigned short'; posible pérdida de datos
  (compilando archivo de origen "ABMClientes.cpp")
  
C:\Users\HP\Desktop\sebas\Upsa\ProyectoEstructuraDeDatos\App\App\Clientes.h(158,35): warning C4267: 'inicializando': conversión de 'size_t' a 'unsigned short'; posible pérdida de datos
  (compilando archivo de origen "ABMClientes.cpp")
  
C:\Users\HP\Desktop\sebas\Upsa\ProyectoEstructuraDeDatos\App\App\Clientes.h(162,40): warning C4267: 'inicializando': conversión de 'size_t' a 'unsigned short'; posible pérdida de datos
  (compilando archivo de origen "ABMClientes.cpp")
  
C:\Users\HP\Desktop\sebas\Upsa\ProyectoEstructuraDeDatos\App\App\ABMClientes.h(118,63): error C2039: "getContraseña": no es un miembro de "Clientes"
  (compilando archivo de origen "ABMClientes.cpp")
  C:\Users\HP\Desktop\sebas\Upsa\ProyectoEstructuraDeDatos\App\App\Clientes.h(25,7):
  vea la declaración de 'Clientes'
  
C:\Users\HP\Desktop\sebas\Upsa\ProyectoEstructuraDeDatos\App\App\ABMClientes.h(197,33): warning C4244: '=': conversión de 'std::streamoff' a 'unsigned int'; posible pérdida de datos
  (compilando archivo de origen "ABMClientes.cpp")
  
  App.cpp
  Clientes.cpp
C:\Users\HP\Desktop\sebas\Upsa\ProyectoEstructuraDeDatos\App\App\Clientes.h(59,43): error C2065: 'contrasena': identificador no declarado
  (compilando archivo de origen "Clientes.cpp")
  
C:\Users\HP\Desktop\sebas\Upsa\ProyectoEstructuraDeDatos\App\App\Clientes.h(60,41): error C2065: 'contrasena': identificador no declarado
  (compilando archivo de origen "Clientes.cpp")
  
C:\Users\HP\Desktop\sebas\Upsa\ProyectoEstructuraDeDatos\App\App\Clientes.h(69,9): error C2065: 'contrasena': identificador no declarado
  (compilando archivo de origen "Clientes.cpp")
  
C:\Users\HP\Desktop\sebas\Upsa\ProyectoEstructuraDeDatos\App\App\Clientes.h(135,13): warning C4267: 'return': conversión de 'size_t' a 'unsigned short'; posible pérdida de datos
  (compilando archivo de origen "Clientes.cpp")
  
C:\Users\HP\Desktop\sebas\Upsa\ProyectoEstructuraDeDatos\App\App\Clientes.h(146,35): warning C4267: 'inicializando': conversión de 'size_t' a 'unsigned short'; posible pérdida de datos
  (compilando archivo de origen "Clientes.cpp")
  
C:\Users\HP\Desktop\sebas\Upsa\ProyectoEstructuraDeDatos\App\App\Clientes.h(150,37): warning C4267: 'inicializando': conversión de 'size_t' a 'unsigned short'; posible pérdida de datos
  (compilando archivo de origen "Clientes.cpp")
  
C:\Users\HP\Desktop\sebas\Upsa\ProyectoEstructuraDeDatos\App\App\Clientes.h(154,36): warning C4267: 'inicializando': conversión de 'size_t' a 'unsigned short'; posible pérdida de datos
  (compilando archivo de origen "Clientes.cpp")
  
C:\Users\HP\Desktop\sebas\Upsa\ProyectoEstructuraDeDatos\App\App\Clientes.h(158,35): warning C4267: 'inicializando': conversión de 'size_t' a 'unsigned short'; posible pérdida de datos
  (compilando archivo de origen "Clientes.cpp")
  
C:\Users\HP\Desktop\sebas\Upsa\ProyectoEstructuraDeDatos\App\App\Clientes.h(162,40): warning C4267: 'inicializando': conversión de 'size_t' a 'unsigned short'; posible pérdida de datos
  (compilando archivo de origen "Clientes.cpp")
  
  Ingcliente.cpp
C:\Users\HP\Desktop\sebas\Upsa\ProyectoEstructuraDeDatos\App\App\Ingcliente.h(6,10): error C1083: No se puede abrir el archivo incluir: 'Cliente.h': No such file or directory
  (compilando archivo de origen "Ingcliente.cpp")
  
  Sesion.cpp
C:\Users\HP\Desktop\sebas\Upsa\ProyectoEstructuraDeDatos\App\App\Clientes.h(59,43): error C2065: 'contrasena': identificador no declarado
  (compilando archivo de origen "Sesion.cpp")
  
C:\Users\HP\Desktop\sebas\Upsa\ProyectoEstructuraDeDatos\App\App\Clientes.h(60,41): error C2065: 'contrasena': identificador no declarado
  (compilando archivo de origen "Sesion.cpp")
  
C:\Users\HP\Desktop\sebas\Upsa\ProyectoEstructuraDeDatos\App\App\Clientes.h(69,9): error C2065: 'contrasena': identificador no declarado
  (compilando archivo de origen "Sesion.cpp")
  
C:\Users\HP\Desktop\sebas\Upsa\ProyectoEstructuraDeDatos\App\App\Clientes.h(135,13): warning C4267: 'return': conversión de 'size_t' a 'unsigned short'; posible pérdida de datos
  (compilando archivo de origen "Sesion.cpp")
  
C:\Users\HP\Desktop\sebas\Upsa\ProyectoEstructuraDeDatos\App\App\Clientes.h(146,35): warning C4267: 'inicializando': conversión de 'size_t' a 'unsigned short'; posible pérdida de datos
  (compilando archivo de origen "Sesion.cpp")
  
C:\Users\HP\Desktop\sebas\Upsa\ProyectoEstructuraDeDatos\App\App\Clientes.h(150,37): warning C4267: 'inicializando': conversión de 'size_t' a 'unsigned short'; posible pérdida de datos
  (compilando archivo de origen "Sesion.cpp")
  
C:\Users\HP\Desktop\sebas\Upsa\ProyectoEstructuraDeDatos\App\App\Clientes.h(154,36): warning C4267: 'inicializando': conversión de 'size_t' a 'unsigned short'; posible pérdida de datos
  (compilando archivo de origen "Sesion.cpp")
  
C:\Users\HP\Desktop\sebas\Upsa\ProyectoEstructuraDeDatos\App\App\Clientes.h(158,35): warning C4267: 'inicializando': conversión de 'size_t' a 'unsigned short'; posible pérdida de datos
  (compilando archivo de origen "Sesion.cpp")
  
C:\Users\HP\Desktop\sebas\Upsa\ProyectoEstructuraDeDatos\App\App\Clientes.h(162,40): warning C4267: 'inicializando': conversión de 'size_t' a 'unsigned short'; posible pérdida de datos
  (compilando archivo de origen "Sesion.cpp")
  
C:\Users\HP\Desktop\sebas\Upsa\ProyectoEstructuraDeDatos\App\App\ABMClientes.h(118,63): error C2039: "getContraseña": no es un miembro de "Clientes"
  (compilando archivo de origen "Sesion.cpp")
  C:\Users\HP\Desktop\sebas\Upsa\ProyectoEstructuraDeDatos\App\App\Clientes.h(25,7):
  vea la declaración de 'Clientes'
  
C:\Users\HP\Desktop\sebas\Upsa\ProyectoEstructuraDeDatos\App\App\ABMClientes.h(197,33): warning C4244: '=': conversión de 'std::streamoff' a 'unsigned int'; posible pérdida de datos
  (compilando archivo de origen "Sesion.cpp")
  
C:\Users\HP\Desktop\sebas\Upsa\ProyectoEstructuraDeDatos\App\App\Sesion.cpp(37,60): error C2039: "getContraseña": no es un miembro de "Clientes"
  C:\Users\HP\Desktop\sebas\Upsa\ProyectoEstructuraDeDatos\App\App\Clientes.h(25,7):
  vea la declaración de 'Clientes'
  
C:\Users\HP\Desktop\sebas\Upsa\ProyectoEstructuraDeDatos\App\App\Sesion.cpp(97,31): error C2660: 'ListaDeComidas::eliminar': la función no acepta 0 argumentos
  C:\Users\HP\Desktop\sebas\Upsa\ProyectoEstructuraDeDatos\App\App\ListaDeComidas.h(20,6):
  vea la declaración de 'ListaDeComidas::eliminar'
  C:\Users\HP\Desktop\sebas\Upsa\ProyectoEstructuraDeDatos\App\App\Sesion.cpp(97,31):
  al hacer coincidir la lista de argumentos '()'
  
C:\Users\HP\Desktop\sebas\Upsa\ProyectoEstructuraDeDatos\App\App\Sesion.cpp(141,34): error C2105: '++' necesita valor L
  Generando código...
